NOTE: Picked up JDK_JAVA_OPTIONS:  --add-opens=java.base/java.lang=ALL-UNNAMED --add-opens=java.base/java.io=ALL-UNNAMED --add-opens=java.rmi/sun.rmi.transport=ALL-UNNAMED
22-Feb-2020 08:07:31.975 INFO [main] org.apache.catalina.startup.VersionLoggerListener.log Server version name:   Apache Tomcat/9.0.31
22-Feb-2020 08:07:31.979 INFO [main] org.apache.catalina.startup.VersionLoggerListener.log Server built:          Feb 5 2020 19:32:12 UTC
22-Feb-2020 08:07:31.979 INFO [main] org.apache.catalina.startup.VersionLoggerListener.log Server version number: 9.0.31.0
22-Feb-2020 08:07:31.979 INFO [main] org.apache.catalina.startup.VersionLoggerListener.log OS Name:               Mac OS X
22-Feb-2020 08:07:31.979 INFO [main] org.apache.catalina.startup.VersionLoggerListener.log OS Version:            10.15.1
22-Feb-2020 08:07:31.979 INFO [main] org.apache.catalina.startup.VersionLoggerListener.log Architecture:          x86_64
22-Feb-2020 08:07:31.979 INFO [main] org.apache.catalina.startup.VersionLoggerListener.log Java Home:             /Library/Java/JavaVirtualMachines/jdk-11.0.5.jdk/Contents/Home
22-Feb-2020 08:07:31.980 INFO [main] org.apache.catalina.startup.VersionLoggerListener.log JVM Version:           11.0.5+10-LTS
22-Feb-2020 08:07:31.980 INFO [main] org.apache.catalina.startup.VersionLoggerListener.log JVM Vendor:            Oracle Corporation
22-Feb-2020 08:07:31.980 INFO [main] org.apache.catalina.startup.VersionLoggerListener.log CATALINA_BASE:         /Users/bharathpantala/Desktop/DevOps/tomcat
22-Feb-2020 08:07:31.980 INFO [main] org.apache.catalina.startup.VersionLoggerListener.log CATALINA_HOME:         /Users/bharathpantala/Desktop/DevOps/tomcat
22-Feb-2020 08:07:31.992 INFO [main] org.apache.catalina.startup.VersionLoggerListener.log Command line argument: --add-opens=java.base/java.lang=ALL-UNNAMED
22-Feb-2020 08:07:31.992 INFO [main] org.apache.catalina.startup.VersionLoggerListener.log Command line argument: --add-opens=java.base/java.io=ALL-UNNAMED
22-Feb-2020 08:07:31.992 INFO [main] org.apache.catalina.startup.VersionLoggerListener.log Command line argument: --add-opens=java.rmi/sun.rmi.transport=ALL-UNNAMED
22-Feb-2020 08:07:31.992 INFO [main] org.apache.catalina.startup.VersionLoggerListener.log Command line argument: -Djava.util.logging.config.file=/Users/bharathpantala/Desktop/DevOps/tomcat/conf/logging.properties
22-Feb-2020 08:07:31.993 INFO [main] org.apache.catalina.startup.VersionLoggerListener.log Command line argument: -Djava.util.logging.manager=org.apache.juli.ClassLoaderLogManager
22-Feb-2020 08:07:31.993 INFO [main] org.apache.catalina.startup.VersionLoggerListener.log Command line argument: -Djdk.tls.ephemeralDHKeySize=2048
22-Feb-2020 08:07:31.993 INFO [main] org.apache.catalina.startup.VersionLoggerListener.log Command line argument: -Djava.protocol.handler.pkgs=org.apache.catalina.webresources
22-Feb-2020 08:07:31.993 INFO [main] org.apache.catalina.startup.VersionLoggerListener.log Command line argument: -Dorg.apache.catalina.security.SecurityListener.UMASK=0027
22-Feb-2020 08:07:31.993 INFO [main] org.apache.catalina.startup.VersionLoggerListener.log Command line argument: -Dignore.endorsed.dirs=
22-Feb-2020 08:07:31.993 INFO [main] org.apache.catalina.startup.VersionLoggerListener.log Command line argument: -Dcatalina.base=/Users/bharathpantala/Desktop/DevOps/tomcat
22-Feb-2020 08:07:31.994 INFO [main] org.apache.catalina.startup.VersionLoggerListener.log Command line argument: -Dcatalina.home=/Users/bharathpantala/Desktop/DevOps/tomcat/bin/../
22-Feb-2020 08:07:31.994 INFO [main] org.apache.catalina.startup.VersionLoggerListener.log Command line argument: -Djava.io.tmpdir=/Users/bharathpantala/Desktop/DevOps/tomcat/temp
22-Feb-2020 08:07:31.994 INFO [main] org.apache.catalina.core.AprLifecycleListener.lifecycleEvent The APR based Apache Tomcat Native library which allows optimal performance in production environments was not found on the java.library.path: [/Users/bharathpantala/Library/Java/Extensions:/Library/Java/Extensions:/Network/Library/Java/Extensions:/System/Library/Java/Extensions:/usr/lib/java:.]
22-Feb-2020 08:07:32.279 INFO [main] org.apache.coyote.AbstractProtocol.init Initializing ProtocolHandler ["http-nio-8080"]
22-Feb-2020 08:07:32.312 INFO [main] org.apache.catalina.startup.Catalina.load Server initialization in [525] milliseconds
22-Feb-2020 08:07:32.364 INFO [main] org.apache.catalina.core.StandardService.startInternal Starting service [Catalina]
22-Feb-2020 08:07:32.364 INFO [main] org.apache.catalina.core.StandardEngine.startInternal Starting Servlet engine: [Apache Tomcat/9.0.31]
22-Feb-2020 08:07:32.373 INFO [main] org.apache.catalina.startup.HostConfig.deployDirectory Deploying web application directory [/Users/bharathpantala/Desktop/DevOps/tomcat/webapps/docs]
22-Feb-2020 08:07:32.609 INFO [main] org.apache.catalina.startup.HostConfig.deployDirectory Deployment of web application directory [/Users/bharathpantala/Desktop/DevOps/tomcat/webapps/docs] has finished in [235] ms
22-Feb-2020 08:07:32.609 INFO [main] org.apache.catalina.startup.HostConfig.deployDirectory Deploying web application directory [/Users/bharathpantala/Desktop/DevOps/tomcat/webapps/appProps]
22-Feb-2020 08:07:32.656 INFO [main] org.apache.catalina.startup.HostConfig.deployDirectory Deployment of web application directory [/Users/bharathpantala/Desktop/DevOps/tomcat/webapps/appProps] has finished in [46] ms
22-Feb-2020 08:07:32.656 INFO [main] org.apache.catalina.startup.HostConfig.deployDirectory Deploying web application directory [/Users/bharathpantala/Desktop/DevOps/tomcat/webapps/manager]
22-Feb-2020 08:07:32.701 INFO [main] org.apache.catalina.startup.HostConfig.deployDirectory Deployment of web application directory [/Users/bharathpantala/Desktop/DevOps/tomcat/webapps/manager] has finished in [43] ms
22-Feb-2020 08:07:32.702 INFO [main] org.apache.catalina.startup.HostConfig.deployDirectory Deploying web application directory [/Users/bharathpantala/Desktop/DevOps/tomcat/webapps/App-Info-release]
22-Feb-2020 08:07:33.254 INFO [main] org.apache.jasper.servlet.TldScanner.scanJars At least one JAR was scanned for TLDs yet contained no TLDs. Enable debug logging for this logger for a complete list of JARs that were scanned but no TLDs were found in them. Skipping unneeded JARs during scanning can improve startup time and JSP compilation time.
22-Feb-2020 08:07:33.257 INFO [main] org.apache.catalina.startup.HostConfig.deployDirectory Deployment of web application directory [/Users/bharathpantala/Desktop/DevOps/tomcat/webapps/App-Info-release] has finished in [554] ms
22-Feb-2020 08:07:33.257 INFO [main] org.apache.catalina.startup.HostConfig.deployDirectory Deploying web application directory [/Users/bharathpantala/Desktop/DevOps/tomcat/webapps/examples]
22-Feb-2020 08:07:33.452 INFO [main] org.apache.catalina.startup.HostConfig.deployDirectory Deployment of web application directory [/Users/bharathpantala/Desktop/DevOps/tomcat/webapps/examples] has finished in [195] ms
22-Feb-2020 08:07:33.452 INFO [main] org.apache.catalina.startup.HostConfig.deployDirectory Deploying web application directory [/Users/bharathpantala/Desktop/DevOps/tomcat/webapps/ROOT]
22-Feb-2020 08:07:33.468 INFO [main] org.apache.catalina.startup.HostConfig.deployDirectory Deployment of web application directory [/Users/bharathpantala/Desktop/DevOps/tomcat/webapps/ROOT] has finished in [16] ms
22-Feb-2020 08:07:33.468 INFO [main] org.apache.catalina.startup.HostConfig.deployDirectory Deploying web application directory [/Users/bharathpantala/Desktop/DevOps/tomcat/webapps/host-manager]
22-Feb-2020 08:07:33.486 INFO [main] org.apache.catalina.startup.HostConfig.deployDirectory Deployment of web application directory [/Users/bharathpantala/Desktop/DevOps/tomcat/webapps/host-manager] has finished in [18] ms
22-Feb-2020 08:07:33.491 INFO [main] org.apache.coyote.AbstractProtocol.start Starting ProtocolHandler ["http-nio-8080"]
22-Feb-2020 08:07:33.498 INFO [main] org.apache.catalina.startup.Catalina.start Server startup in [1,185] milliseconds
Query: INSERT INTO user(name,description,email) VALUES('Dev', 'DevOps', 'Ops')
22-Feb-2020 08:07:51.634 INFO [http-nio-8080-exec-2] org.springframework.jdbc.datasource.DriverManagerDataSource.setDriverClassName Loaded JDBC driver: com.mysql.jdbc.Driver
NOTE: Picked up JDK_JAVA_OPTIONS:  --add-opens=java.base/java.lang=ALL-UNNAMED --add-opens=java.base/java.io=ALL-UNNAMED --add-opens=java.rmi/sun.rmi.transport=ALL-UNNAMED
22-Feb-2020 08:11:04.580 INFO [main] org.apache.catalina.startup.VersionLoggerListener.log Server version name:   Apache Tomcat/9.0.31
22-Feb-2020 08:11:04.583 INFO [main] org.apache.catalina.startup.VersionLoggerListener.log Server built:          Feb 5 2020 19:32:12 UTC
22-Feb-2020 08:11:04.584 INFO [main] org.apache.catalina.startup.VersionLoggerListener.log Server version number: 9.0.31.0
22-Feb-2020 08:11:04.584 INFO [main] org.apache.catalina.startup.VersionLoggerListener.log OS Name:               Mac OS X
22-Feb-2020 08:11:04.584 INFO [main] org.apache.catalina.startup.VersionLoggerListener.log OS Version:            10.15.1
22-Feb-2020 08:11:04.584 INFO [main] org.apache.catalina.startup.VersionLoggerListener.log Architecture:          x86_64
22-Feb-2020 08:11:04.584 INFO [main] org.apache.catalina.startup.VersionLoggerListener.log Java Home:             /Library/Java/JavaVirtualMachines/jdk-11.0.5.jdk/Contents/Home
22-Feb-2020 08:11:04.584 INFO [main] org.apache.catalina.startup.VersionLoggerListener.log JVM Version:           11.0.5+10-LTS
22-Feb-2020 08:11:04.584 INFO [main] org.apache.catalina.startup.VersionLoggerListener.log JVM Vendor:            Oracle Corporation
22-Feb-2020 08:11:04.584 INFO [main] org.apache.catalina.startup.VersionLoggerListener.log CATALINA_BASE:         /Users/bharathpantala/Desktop/DevOps/tomcat
22-Feb-2020 08:11:04.584 INFO [main] org.apache.catalina.startup.VersionLoggerListener.log CATALINA_HOME:         /Users/bharathpantala/Desktop/DevOps/tomcat
22-Feb-2020 08:11:04.599 INFO [main] org.apache.catalina.startup.VersionLoggerListener.log Command line argument: --add-opens=java.base/java.lang=ALL-UNNAMED
22-Feb-2020 08:11:04.599 INFO [main] org.apache.catalina.startup.VersionLoggerListener.log Command line argument: --add-opens=java.base/java.io=ALL-UNNAMED
22-Feb-2020 08:11:04.599 INFO [main] org.apache.catalina.startup.VersionLoggerListener.log Command line argument: --add-opens=java.rmi/sun.rmi.transport=ALL-UNNAMED
22-Feb-2020 08:11:04.599 INFO [main] org.apache.catalina.startup.VersionLoggerListener.log Command line argument: -Djava.util.logging.config.file=/Users/bharathpantala/Desktop/DevOps/tomcat/conf/logging.properties
22-Feb-2020 08:11:04.599 INFO [main] org.apache.catalina.startup.VersionLoggerListener.log Command line argument: -Djava.util.logging.manager=org.apache.juli.ClassLoaderLogManager
22-Feb-2020 08:11:04.600 INFO [main] org.apache.catalina.startup.VersionLoggerListener.log Command line argument: -Djdk.tls.ephemeralDHKeySize=2048
22-Feb-2020 08:11:04.600 INFO [main] org.apache.catalina.startup.VersionLoggerListener.log Command line argument: -Djava.protocol.handler.pkgs=org.apache.catalina.webresources
22-Feb-2020 08:11:04.600 INFO [main] org.apache.catalina.startup.VersionLoggerListener.log Command line argument: -Dorg.apache.catalina.security.SecurityListener.UMASK=0027
22-Feb-2020 08:11:04.600 INFO [main] org.apache.catalina.startup.VersionLoggerListener.log Command line argument: -Dignore.endorsed.dirs=
22-Feb-2020 08:11:04.600 INFO [main] org.apache.catalina.startup.VersionLoggerListener.log Command line argument: -Dcatalina.base=/Users/bharathpantala/Desktop/DevOps/tomcat
22-Feb-2020 08:11:04.600 INFO [main] org.apache.catalina.startup.VersionLoggerListener.log Command line argument: -Dcatalina.home=/Users/bharathpantala/Desktop/DevOps/tomcat/bin/../
22-Feb-2020 08:11:04.600 INFO [main] org.apache.catalina.startup.VersionLoggerListener.log Command line argument: -Djava.io.tmpdir=/Users/bharathpantala/Desktop/DevOps/tomcat/temp
22-Feb-2020 08:11:04.600 INFO [main] org.apache.catalina.core.AprLifecycleListener.lifecycleEvent The APR based Apache Tomcat Native library which allows optimal performance in production environments was not found on the java.library.path: [/Users/bharathpantala/Library/Java/Extensions:/Library/Java/Extensions:/Network/Library/Java/Extensions:/System/Library/Java/Extensions:/usr/lib/java:.]
22-Feb-2020 08:11:04.898 INFO [main] org.apache.coyote.AbstractProtocol.init Initializing ProtocolHandler ["http-nio-8080"]
22-Feb-2020 08:11:04.917 SEVERE [main] org.apache.catalina.util.LifecycleBase.handleSubClassException Failed to initialize component [Connector[HTTP/1.1-8080]]
	org.apache.catalina.LifecycleException: Protocol handler initialization failed
		at org.apache.catalina.connector.Connector.initInternal(Connector.java:1013)
		at org.apache.catalina.util.LifecycleBase.init(LifecycleBase.java:136)
		at org.apache.catalina.core.StandardService.initInternal(StandardService.java:533)
		at org.apache.catalina.util.LifecycleBase.init(LifecycleBase.java:136)
		at org.apache.catalina.core.StandardServer.initInternal(StandardServer.java:1057)
		at org.apache.catalina.util.LifecycleBase.init(LifecycleBase.java:136)
		at org.apache.catalina.startup.Catalina.load(Catalina.java:584)
		at org.apache.catalina.startup.Catalina.load(Catalina.java:607)
		at java.base/jdk.internal.reflect.NativeMethodAccessorImpl.invoke0(Native Method)
		at java.base/jdk.internal.reflect.NativeMethodAccessorImpl.invoke(NativeMethodAccessorImpl.java:62)
		at java.base/jdk.internal.reflect.DelegatingMethodAccessorImpl.invoke(DelegatingMethodAccessorImpl.java:43)
		at java.base/java.lang.reflect.Method.invoke(Method.java:566)
		at org.apache.catalina.startup.Bootstrap.load(Bootstrap.java:303)
		at org.apache.catalina.startup.Bootstrap.main(Bootstrap.java:473)
	Caused by: java.net.BindException: Address already in use
		at java.base/sun.nio.ch.Net.bind0(Native Method)
		at java.base/sun.nio.ch.Net.bind(Net.java:461)
		at java.base/sun.nio.ch.Net.bind(Net.java:453)
		at java.base/sun.nio.ch.ServerSocketChannelImpl.bind(ServerSocketChannelImpl.java:227)
		at java.base/sun.nio.ch.ServerSocketAdaptor.bind(ServerSocketAdaptor.java:80)
		at org.apache.tomcat.util.net.NioEndpoint.initServerSocket(NioEndpoint.java:229)
		at org.apache.tomcat.util.net.NioEndpoint.bind(NioEndpoint.java:212)
		at org.apache.tomcat.util.net.AbstractEndpoint.bindWithCleanup(AbstractEndpoint.java:1141)
		at org.apache.tomcat.util.net.AbstractEndpoint.init(AbstractEndpoint.java:1154)
		at org.apache.coyote.AbstractProtocol.init(AbstractProtocol.java:581)
		at org.apache.coyote.http11.AbstractHttp11Protocol.init(AbstractHttp11Protocol.java:74)
		at org.apache.catalina.connector.Connector.initInternal(Connector.java:1010)
		... 13 more
22-Feb-2020 08:11:04.918 INFO [main] org.apache.catalina.startup.Catalina.load Server initialization in [542] milliseconds
22-Feb-2020 08:11:04.969 INFO [main] org.apache.catalina.core.StandardService.startInternal Starting service [Catalina]
22-Feb-2020 08:11:04.969 INFO [main] org.apache.catalina.core.StandardEngine.startInternal Starting Servlet engine: [Apache Tomcat/9.0.31]
22-Feb-2020 08:11:04.976 INFO [main] org.apache.catalina.startup.HostConfig.deployDirectory Deploying web application directory [/Users/bharathpantala/Desktop/DevOps/tomcat/webapps/docs]
22-Feb-2020 08:11:05.228 INFO [main] org.apache.catalina.startup.HostConfig.deployDirectory Deployment of web application directory [/Users/bharathpantala/Desktop/DevOps/tomcat/webapps/docs] has finished in [251] ms
22-Feb-2020 08:11:05.228 INFO [main] org.apache.catalina.startup.HostConfig.deployDirectory Deploying web application directory [/Users/bharathpantala/Desktop/DevOps/tomcat/webapps/appProps]
22-Feb-2020 08:11:05.265 INFO [main] org.apache.catalina.startup.HostConfig.deployDirectory Deployment of web application directory [/Users/bharathpantala/Desktop/DevOps/tomcat/webapps/appProps] has finished in [37] ms
22-Feb-2020 08:11:05.266 INFO [main] org.apache.catalina.startup.HostConfig.deployDirectory Deploying web application directory [/Users/bharathpantala/Desktop/DevOps/tomcat/webapps/manager]
22-Feb-2020 08:11:05.296 INFO [main] org.apache.catalina.startup.HostConfig.deployDirectory Deployment of web application directory [/Users/bharathpantala/Desktop/DevOps/tomcat/webapps/manager] has finished in [30] ms
22-Feb-2020 08:11:05.302 INFO [main] org.apache.catalina.startup.HostConfig.deployDirectory Deploying web application directory [/Users/bharathpantala/Desktop/DevOps/tomcat/webapps/App-Info-release]
22-Feb-2020 08:11:05.890 INFO [main] org.apache.jasper.servlet.TldScanner.scanJars At least one JAR was scanned for TLDs yet contained no TLDs. Enable debug logging for this logger for a complete list of JARs that were scanned but no TLDs were found in them. Skipping unneeded JARs during scanning can improve startup time and JSP compilation time.
22-Feb-2020 08:11:05.892 INFO [main] org.apache.catalina.startup.HostConfig.deployDirectory Deployment of web application directory [/Users/bharathpantala/Desktop/DevOps/tomcat/webapps/App-Info-release] has finished in [590] ms
22-Feb-2020 08:11:05.893 INFO [main] org.apache.catalina.startup.HostConfig.deployDirectory Deploying web application directory [/Users/bharathpantala/Desktop/DevOps/tomcat/webapps/examples]
22-Feb-2020 08:11:06.099 INFO [main] org.apache.catalina.startup.HostConfig.deployDirectory Deployment of web application directory [/Users/bharathpantala/Desktop/DevOps/tomcat/webapps/examples] has finished in [207] ms
22-Feb-2020 08:11:06.099 INFO [main] org.apache.catalina.startup.HostConfig.deployDirectory Deploying web application directory [/Users/bharathpantala/Desktop/DevOps/tomcat/webapps/ROOT]
22-Feb-2020 08:11:06.116 INFO [main] org.apache.catalina.startup.HostConfig.deployDirectory Deployment of web application directory [/Users/bharathpantala/Desktop/DevOps/tomcat/webapps/ROOT] has finished in [16] ms
22-Feb-2020 08:11:06.116 INFO [main] org.apache.catalina.startup.HostConfig.deployDirectory Deploying web application directory [/Users/bharathpantala/Desktop/DevOps/tomcat/webapps/host-manager]
22-Feb-2020 08:11:06.132 INFO [main] org.apache.catalina.startup.HostConfig.deployDirectory Deployment of web application directory [/Users/bharathpantala/Desktop/DevOps/tomcat/webapps/host-manager] has finished in [16] ms
22-Feb-2020 08:11:06.137 INFO [main] org.apache.catalina.startup.Catalina.start Server startup in [1,218] milliseconds
22-Feb-2020 08:11:06.143 SEVERE [main] org.apache.catalina.core.StandardServer.await Failed to create server shutdown socket on address [localhost] and port [8005] (base port [8005] and offset [0])
	java.net.BindException: Address already in use (Bind failed)
		at java.base/java.net.PlainSocketImpl.socketBind(Native Method)
		at java.base/java.net.AbstractPlainSocketImpl.bind(AbstractPlainSocketImpl.java:436)
		at java.base/java.net.ServerSocket.bind(ServerSocket.java:381)
		at java.base/java.net.ServerSocket.<init>(ServerSocket.java:243)
		at org.apache.catalina.core.StandardServer.await(StandardServer.java:584)
		at org.apache.catalina.startup.Catalina.await(Catalina.java:721)
		at org.apache.catalina.startup.Catalina.start(Catalina.java:667)
		at java.base/jdk.internal.reflect.NativeMethodAccessorImpl.invoke0(Native Method)
		at java.base/jdk.internal.reflect.NativeMethodAccessorImpl.invoke(NativeMethodAccessorImpl.java:62)
		at java.base/jdk.internal.reflect.DelegatingMethodAccessorImpl.invoke(DelegatingMethodAccessorImpl.java:43)
		at java.base/java.lang.reflect.Method.invoke(Method.java:566)
		at org.apache.catalina.startup.Bootstrap.start(Bootstrap.java:343)
		at org.apache.catalina.startup.Bootstrap.main(Bootstrap.java:474)
22-Feb-2020 08:11:06.143 INFO [main] org.apache.coyote.AbstractProtocol.pause Pausing ProtocolHandler ["http-nio-8080"]
22-Feb-2020 08:11:06.143 INFO [main] org.apache.catalina.core.StandardService.stopInternal Stopping service [Catalina]
22-Feb-2020 08:11:06.167 INFO [main] org.apache.coyote.AbstractProtocol.stop Stopping ProtocolHandler ["http-nio-8080"]
22-Feb-2020 08:11:06.167 INFO [main] org.apache.coyote.AbstractProtocol.destroy Destroying ProtocolHandler ["http-nio-8080"]
Query: INSERT INTO user(name,description,email) VALUES('Dev', 'helloEnter your instruction here...', 'Ops')
NOTE: Picked up JDK_JAVA_OPTIONS:  --add-opens=java.base/java.lang=ALL-UNNAMED --add-opens=java.base/java.io=ALL-UNNAMED --add-opens=java.rmi/sun.rmi.transport=ALL-UNNAMED
22-Feb-2020 08:13:25.263 INFO [main] org.apache.catalina.startup.VersionLoggerListener.log Server version name:   Apache Tomcat/9.0.31
22-Feb-2020 08:13:25.266 INFO [main] org.apache.catalina.startup.VersionLoggerListener.log Server built:          Feb 5 2020 19:32:12 UTC
22-Feb-2020 08:13:25.267 INFO [main] org.apache.catalina.startup.VersionLoggerListener.log Server version number: 9.0.31.0
22-Feb-2020 08:13:25.267 INFO [main] org.apache.catalina.startup.VersionLoggerListener.log OS Name:               Mac OS X
22-Feb-2020 08:13:25.267 INFO [main] org.apache.catalina.startup.VersionLoggerListener.log OS Version:            10.15.1
22-Feb-2020 08:13:25.267 INFO [main] org.apache.catalina.startup.VersionLoggerListener.log Architecture:          x86_64
22-Feb-2020 08:13:25.267 INFO [main] org.apache.catalina.startup.VersionLoggerListener.log Java Home:             /Library/Java/JavaVirtualMachines/jdk-11.0.5.jdk/Contents/Home
22-Feb-2020 08:13:25.267 INFO [main] org.apache.catalina.startup.VersionLoggerListener.log JVM Version:           11.0.5+10-LTS
22-Feb-2020 08:13:25.267 INFO [main] org.apache.catalina.startup.VersionLoggerListener.log JVM Vendor:            Oracle Corporation
22-Feb-2020 08:13:25.267 INFO [main] org.apache.catalina.startup.VersionLoggerListener.log CATALINA_BASE:         /Users/bharathpantala/Desktop/DevOps/tomcat
22-Feb-2020 08:13:25.268 INFO [main] org.apache.catalina.startup.VersionLoggerListener.log CATALINA_HOME:         /Users/bharathpantala/Desktop/DevOps/tomcat
22-Feb-2020 08:13:25.279 INFO [main] org.apache.catalina.startup.VersionLoggerListener.log Command line argument: --add-opens=java.base/java.lang=ALL-UNNAMED
22-Feb-2020 08:13:25.279 INFO [main] org.apache.catalina.startup.VersionLoggerListener.log Command line argument: --add-opens=java.base/java.io=ALL-UNNAMED
22-Feb-2020 08:13:25.279 INFO [main] org.apache.catalina.startup.VersionLoggerListener.log Command line argument: --add-opens=java.rmi/sun.rmi.transport=ALL-UNNAMED
22-Feb-2020 08:13:25.279 INFO [main] org.apache.catalina.startup.VersionLoggerListener.log Command line argument: -Djava.util.logging.config.file=/Users/bharathpantala/Desktop/DevOps/tomcat/conf/logging.properties
22-Feb-2020 08:13:25.279 INFO [main] org.apache.catalina.startup.VersionLoggerListener.log Command line argument: -Djava.util.logging.manager=org.apache.juli.ClassLoaderLogManager
22-Feb-2020 08:13:25.279 INFO [main] org.apache.catalina.startup.VersionLoggerListener.log Command line argument: -Djdk.tls.ephemeralDHKeySize=2048
22-Feb-2020 08:13:25.280 INFO [main] org.apache.catalina.startup.VersionLoggerListener.log Command line argument: -Djava.protocol.handler.pkgs=org.apache.catalina.webresources
22-Feb-2020 08:13:25.280 INFO [main] org.apache.catalina.startup.VersionLoggerListener.log Command line argument: -Dorg.apache.catalina.security.SecurityListener.UMASK=0027
22-Feb-2020 08:13:25.280 INFO [main] org.apache.catalina.startup.VersionLoggerListener.log Command line argument: -Dignore.endorsed.dirs=
22-Feb-2020 08:13:25.280 INFO [main] org.apache.catalina.startup.VersionLoggerListener.log Command line argument: -Dcatalina.base=/Users/bharathpantala/Desktop/DevOps/tomcat
22-Feb-2020 08:13:25.280 INFO [main] org.apache.catalina.startup.VersionLoggerListener.log Command line argument: -Dcatalina.home=/Users/bharathpantala/Desktop/DevOps/tomcat/bin/../
22-Feb-2020 08:13:25.280 INFO [main] org.apache.catalina.startup.VersionLoggerListener.log Command line argument: -Djava.io.tmpdir=/Users/bharathpantala/Desktop/DevOps/tomcat/temp
22-Feb-2020 08:13:25.280 INFO [main] org.apache.catalina.core.AprLifecycleListener.lifecycleEvent The APR based Apache Tomcat Native library which allows optimal performance in production environments was not found on the java.library.path: [/Users/bharathpantala/Library/Java/Extensions:/Library/Java/Extensions:/Network/Library/Java/Extensions:/System/Library/Java/Extensions:/usr/lib/java:.]
22-Feb-2020 08:13:25.567 INFO [main] org.apache.coyote.AbstractProtocol.init Initializing ProtocolHandler ["http-nio-8080"]
22-Feb-2020 08:13:25.599 INFO [main] org.apache.catalina.startup.Catalina.load Server initialization in [535] milliseconds
22-Feb-2020 08:13:25.649 INFO [main] org.apache.catalina.core.StandardService.startInternal Starting service [Catalina]
22-Feb-2020 08:13:25.650 INFO [main] org.apache.catalina.core.StandardEngine.startInternal Starting Servlet engine: [Apache Tomcat/9.0.31]
22-Feb-2020 08:13:25.659 INFO [main] org.apache.catalina.startup.HostConfig.deployDirectory Deploying web application directory [/Users/bharathpantala/Desktop/DevOps/tomcat/webapps/docs]
22-Feb-2020 08:13:25.916 INFO [main] org.apache.catalina.startup.HostConfig.deployDirectory Deployment of web application directory [/Users/bharathpantala/Desktop/DevOps/tomcat/webapps/docs] has finished in [257] ms
22-Feb-2020 08:13:25.918 INFO [main] org.apache.catalina.startup.HostConfig.deployDirectory Deploying web application directory [/Users/bharathpantala/Desktop/DevOps/tomcat/webapps/appProps]
22-Feb-2020 08:13:25.963 INFO [main] org.apache.catalina.startup.HostConfig.deployDirectory Deployment of web application directory [/Users/bharathpantala/Desktop/DevOps/tomcat/webapps/appProps] has finished in [46] ms
22-Feb-2020 08:13:25.963 INFO [main] org.apache.catalina.startup.HostConfig.deployDirectory Deploying web application directory [/Users/bharathpantala/Desktop/DevOps/tomcat/webapps/manager]
22-Feb-2020 08:13:26.015 INFO [main] org.apache.catalina.startup.HostConfig.deployDirectory Deployment of web application directory [/Users/bharathpantala/Desktop/DevOps/tomcat/webapps/manager] has finished in [52] ms
22-Feb-2020 08:13:26.016 INFO [main] org.apache.catalina.startup.HostConfig.deployDirectory Deploying web application directory [/Users/bharathpantala/Desktop/DevOps/tomcat/webapps/App-Info-release]
22-Feb-2020 08:13:26.680 INFO [main] org.apache.jasper.servlet.TldScanner.scanJars At least one JAR was scanned for TLDs yet contained no TLDs. Enable debug logging for this logger for a complete list of JARs that were scanned but no TLDs were found in them. Skipping unneeded JARs during scanning can improve startup time and JSP compilation time.
22-Feb-2020 08:13:26.682 INFO [main] org.apache.catalina.startup.HostConfig.deployDirectory Deployment of web application directory [/Users/bharathpantala/Desktop/DevOps/tomcat/webapps/App-Info-release] has finished in [667] ms
22-Feb-2020 08:13:26.683 INFO [main] org.apache.catalina.startup.HostConfig.deployDirectory Deploying web application directory [/Users/bharathpantala/Desktop/DevOps/tomcat/webapps/examples]
22-Feb-2020 08:13:26.887 INFO [main] org.apache.catalina.startup.HostConfig.deployDirectory Deployment of web application directory [/Users/bharathpantala/Desktop/DevOps/tomcat/webapps/examples] has finished in [204] ms
22-Feb-2020 08:13:26.887 INFO [main] org.apache.catalina.startup.HostConfig.deployDirectory Deploying web application directory [/Users/bharathpantala/Desktop/DevOps/tomcat/webapps/ROOT]
22-Feb-2020 08:13:26.903 INFO [main] org.apache.catalina.startup.HostConfig.deployDirectory Deployment of web application directory [/Users/bharathpantala/Desktop/DevOps/tomcat/webapps/ROOT] has finished in [16] ms
22-Feb-2020 08:13:26.904 INFO [main] org.apache.catalina.startup.HostConfig.deployDirectory Deploying web application directory [/Users/bharathpantala/Desktop/DevOps/tomcat/webapps/host-manager]
22-Feb-2020 08:13:26.923 INFO [main] org.apache.catalina.startup.HostConfig.deployDirectory Deployment of web application directory [/Users/bharathpantala/Desktop/DevOps/tomcat/webapps/host-manager] has finished in [19] ms
22-Feb-2020 08:13:26.927 INFO [main] org.apache.coyote.AbstractProtocol.start Starting ProtocolHandler ["http-nio-8080"]
22-Feb-2020 08:13:26.934 INFO [main] org.apache.catalina.startup.Catalina.start Server startup in [1,335] milliseconds
Query: INSERT INTO user(name,description,email) VALUES('Dev', 'helloEnter your instruction here...', 'Ops')
22-Feb-2020 08:13:31.546 INFO [http-nio-8080-exec-1] org.springframework.jdbc.datasource.DriverManagerDataSource.setDriverClassName Loaded JDBC driver: com.mysql.jdbc.Driver
22-Feb-2020 08:14:29.967 INFO [main] org.apache.catalina.core.StandardServer.await A valid shutdown command was received via the shutdown port. Stopping the Server instance.
22-Feb-2020 08:14:29.967 INFO [main] org.apache.coyote.AbstractProtocol.pause Pausing ProtocolHandler ["http-nio-8080"]
22-Feb-2020 08:14:29.976 INFO [main] org.apache.catalina.core.StandardService.stopInternal Stopping service [Catalina]
22-Feb-2020 08:14:30.003 WARNING [main] org.apache.catalina.loader.WebappClassLoaderBase.clearReferencesJdbc The web application [App-Info-release] registered the JDBC driver [com.mysql.jdbc.Driver] but failed to unregister it when the web application was stopped. To prevent a memory leak, the JDBC Driver has been forcibly unregistered.
22-Feb-2020 08:14:30.013 INFO [main] org.apache.coyote.AbstractProtocol.stop Stopping ProtocolHandler ["http-nio-8080"]
22-Feb-2020 08:14:30.021 INFO [main] org.apache.coyote.AbstractProtocol.destroy Destroying ProtocolHandler ["http-nio-8080"]
NOTE: Picked up JDK_JAVA_OPTIONS:  --add-opens=java.base/java.lang=ALL-UNNAMED --add-opens=java.base/java.io=ALL-UNNAMED --add-opens=java.rmi/sun.rmi.transport=ALL-UNNAMED
22-Feb-2020 08:15:07.513 INFO [main] org.apache.catalina.startup.VersionLoggerListener.log Server version name:   Apache Tomcat/9.0.31
22-Feb-2020 08:15:07.516 INFO [main] org.apache.catalina.startup.VersionLoggerListener.log Server built:          Feb 5 2020 19:32:12 UTC
22-Feb-2020 08:15:07.517 INFO [main] org.apache.catalina.startup.VersionLoggerListener.log Server version number: 9.0.31.0
22-Feb-2020 08:15:07.517 INFO [main] org.apache.catalina.startup.VersionLoggerListener.log OS Name:               Mac OS X
22-Feb-2020 08:15:07.517 INFO [main] org.apache.catalina.startup.VersionLoggerListener.log OS Version:            10.15.1
22-Feb-2020 08:15:07.517 INFO [main] org.apache.catalina.startup.VersionLoggerListener.log Architecture:          x86_64
22-Feb-2020 08:15:07.517 INFO [main] org.apache.catalina.startup.VersionLoggerListener.log Java Home:             /Library/Java/JavaVirtualMachines/jdk-11.0.5.jdk/Contents/Home
22-Feb-2020 08:15:07.517 INFO [main] org.apache.catalina.startup.VersionLoggerListener.log JVM Version:           11.0.5+10-LTS
22-Feb-2020 08:15:07.518 INFO [main] org.apache.catalina.startup.VersionLoggerListener.log JVM Vendor:            Oracle Corporation
22-Feb-2020 08:15:07.518 INFO [main] org.apache.catalina.startup.VersionLoggerListener.log CATALINA_BASE:         /Users/bharathpantala/Desktop/DevOps/tomcat
22-Feb-2020 08:15:07.518 INFO [main] org.apache.catalina.startup.VersionLoggerListener.log CATALINA_HOME:         /Users/bharathpantala/Desktop/DevOps/tomcat
22-Feb-2020 08:15:07.529 INFO [main] org.apache.catalina.startup.VersionLoggerListener.log Command line argument: --add-opens=java.base/java.lang=ALL-UNNAMED
22-Feb-2020 08:15:07.529 INFO [main] org.apache.catalina.startup.VersionLoggerListener.log Command line argument: --add-opens=java.base/java.io=ALL-UNNAMED
22-Feb-2020 08:15:07.529 INFO [main] org.apache.catalina.startup.VersionLoggerListener.log Command line argument: --add-opens=java.rmi/sun.rmi.transport=ALL-UNNAMED
22-Feb-2020 08:15:07.529 INFO [main] org.apache.catalina.startup.VersionLoggerListener.log Command line argument: -Djava.util.logging.config.file=/Users/bharathpantala/Desktop/DevOps/tomcat/conf/logging.properties
22-Feb-2020 08:15:07.530 INFO [main] org.apache.catalina.startup.VersionLoggerListener.log Command line argument: -Djava.util.logging.manager=org.apache.juli.ClassLoaderLogManager
22-Feb-2020 08:15:07.530 INFO [main] org.apache.catalina.startup.VersionLoggerListener.log Command line argument: -Djdk.tls.ephemeralDHKeySize=2048
22-Feb-2020 08:15:07.530 INFO [main] org.apache.catalina.startup.VersionLoggerListener.log Command line argument: -Djava.protocol.handler.pkgs=org.apache.catalina.webresources
22-Feb-2020 08:15:07.530 INFO [main] org.apache.catalina.startup.VersionLoggerListener.log Command line argument: -Dorg.apache.catalina.security.SecurityListener.UMASK=0027
22-Feb-2020 08:15:07.530 INFO [main] org.apache.catalina.startup.VersionLoggerListener.log Command line argument: -Dignore.endorsed.dirs=
22-Feb-2020 08:15:07.530 INFO [main] org.apache.catalina.startup.VersionLoggerListener.log Command line argument: -Dcatalina.base=/Users/bharathpantala/Desktop/DevOps/tomcat
22-Feb-2020 08:15:07.530 INFO [main] org.apache.catalina.startup.VersionLoggerListener.log Command line argument: -Dcatalina.home=/Users/bharathpantala/Desktop/DevOps/tomcat/bin/../
22-Feb-2020 08:15:07.530 INFO [main] org.apache.catalina.startup.VersionLoggerListener.log Command line argument: -Djava.io.tmpdir=/Users/bharathpantala/Desktop/DevOps/tomcat/temp
22-Feb-2020 08:15:07.531 INFO [main] org.apache.catalina.core.AprLifecycleListener.lifecycleEvent The APR based Apache Tomcat Native library which allows optimal performance in production environments was not found on the java.library.path: [/Users/bharathpantala/Library/Java/Extensions:/Library/Java/Extensions:/Network/Library/Java/Extensions:/System/Library/Java/Extensions:/usr/lib/java:.]
22-Feb-2020 08:15:07.834 INFO [main] org.apache.coyote.AbstractProtocol.init Initializing ProtocolHandler ["http-nio-8080"]
22-Feb-2020 08:15:07.877 INFO [main] org.apache.catalina.startup.Catalina.load Server initialization in [572] milliseconds
22-Feb-2020 08:15:07.941 INFO [main] org.apache.catalina.core.StandardService.startInternal Starting service [Catalina]
22-Feb-2020 08:15:07.941 INFO [main] org.apache.catalina.core.StandardEngine.startInternal Starting Servlet engine: [Apache Tomcat/9.0.31]
22-Feb-2020 08:15:07.950 INFO [main] org.apache.catalina.startup.HostConfig.deployDirectory Deploying web application directory [/Users/bharathpantala/Desktop/DevOps/tomcat/webapps/docs]
22-Feb-2020 08:15:08.230 INFO [main] org.apache.catalina.startup.HostConfig.deployDirectory Deployment of web application directory [/Users/bharathpantala/Desktop/DevOps/tomcat/webapps/docs] has finished in [279] ms
22-Feb-2020 08:15:08.230 INFO [main] org.apache.catalina.startup.HostConfig.deployDirectory Deploying web application directory [/Users/bharathpantala/Desktop/DevOps/tomcat/webapps/appProps]
22-Feb-2020 08:15:08.269 INFO [main] org.apache.catalina.startup.HostConfig.deployDirectory Deployment of web application directory [/Users/bharathpantala/Desktop/DevOps/tomcat/webapps/appProps] has finished in [39] ms
22-Feb-2020 08:15:08.269 INFO [main] org.apache.catalina.startup.HostConfig.deployDirectory Deploying web application directory [/Users/bharathpantala/Desktop/DevOps/tomcat/webapps/manager]
22-Feb-2020 08:15:08.326 INFO [main] org.apache.catalina.startup.HostConfig.deployDirectory Deployment of web application directory [/Users/bharathpantala/Desktop/DevOps/tomcat/webapps/manager] has finished in [56] ms
22-Feb-2020 08:15:08.326 INFO [main] org.apache.catalina.startup.HostConfig.deployDirectory Deploying web application directory [/Users/bharathpantala/Desktop/DevOps/tomcat/webapps/App-Info-release]
22-Feb-2020 08:15:08.908 INFO [main] org.apache.jasper.servlet.TldScanner.scanJars At least one JAR was scanned for TLDs yet contained no TLDs. Enable debug logging for this logger for a complete list of JARs that were scanned but no TLDs were found in them. Skipping unneeded JARs during scanning can improve startup time and JSP compilation time.
22-Feb-2020 08:15:08.910 INFO [main] org.apache.catalina.startup.HostConfig.deployDirectory Deployment of web application directory [/Users/bharathpantala/Desktop/DevOps/tomcat/webapps/App-Info-release] has finished in [584] ms
22-Feb-2020 08:15:08.911 INFO [main] org.apache.catalina.startup.HostConfig.deployDirectory Deploying web application directory [/Users/bharathpantala/Desktop/DevOps/tomcat/webapps/examples]
22-Feb-2020 08:15:09.155 INFO [main] org.apache.catalina.startup.HostConfig.deployDirectory Deployment of web application directory [/Users/bharathpantala/Desktop/DevOps/tomcat/webapps/examples] has finished in [244] ms
22-Feb-2020 08:15:09.155 INFO [main] org.apache.catalina.startup.HostConfig.deployDirectory Deploying web application directory [/Users/bharathpantala/Desktop/DevOps/tomcat/webapps/ROOT]
22-Feb-2020 08:15:09.177 INFO [main] org.apache.catalina.startup.HostConfig.deployDirectory Deployment of web application directory [/Users/bharathpantala/Desktop/DevOps/tomcat/webapps/ROOT] has finished in [21] ms
22-Feb-2020 08:15:09.177 INFO [main] org.apache.catalina.startup.HostConfig.deployDirectory Deploying web application directory [/Users/bharathpantala/Desktop/DevOps/tomcat/webapps/host-manager]
22-Feb-2020 08:15:09.196 INFO [main] org.apache.catalina.startup.HostConfig.deployDirectory Deployment of web application directory [/Users/bharathpantala/Desktop/DevOps/tomcat/webapps/host-manager] has finished in [19] ms
22-Feb-2020 08:15:09.201 INFO [main] org.apache.coyote.AbstractProtocol.start Starting ProtocolHandler ["http-nio-8080"]
22-Feb-2020 08:15:09.209 INFO [main] org.apache.catalina.startup.Catalina.start Server startup in [1,331] milliseconds
Query: INSERT INTO user(name,description,email) VALUES('Dev', 'helloEnter your instruction here...', 'Ops')
22-Feb-2020 08:15:13.723 INFO [http-nio-8080-exec-1] org.springframework.jdbc.datasource.DriverManagerDataSource.setDriverClassName Loaded JDBC driver: com.mysql.jdbc.Driver
DBURL: localhost UserName: root Password: Sharath10@ Port: 1521 DBName: sample
Table Already Created
22-Feb-2020 08:15:27.827 INFO [http-nio-8080-exec-1] org.springframework.jdbc.datasource.DriverManagerDataSource.setDriverClassName Loaded JDBC driver: com.mysql.jdbc.Driver
DBURL: localhost UserName: root Password: Sharath10@ Port: 1521 DBName: sample
Query: INSERT INTO user(name,description,email) VALUES('De', 'devops', 'Ops')
22-Feb-2020 08:15:37.710 INFO [http-nio-8080-exec-8] org.springframework.jdbc.datasource.DriverManagerDataSource.setDriverClassName Loaded JDBC driver: com.mysql.jdbc.Driver
DBURL: localhost UserName: root Password: Sharath10@ Port: 1521 DBName: sample
org.springframework.jdbc.CannotGetJdbcConnectionException: Could not get JDBC Connection; nested exception is java.sql.SQLException: Server connection failure during transaction. Due to underlying exception: 'java.net.SocketException: java.net.ConnectException: Connection refused (Connection refused)'.

** BEGIN NESTED EXCEPTION ** 

java.net.SocketException
MESSAGE: java.net.ConnectException: Connection refused (Connection refused)

STACKTRACE:

java.net.SocketException: java.net.ConnectException: Connection refused (Connection refused)
	at com.mysql.jdbc.StandardSocketFactory.connect(StandardSocketFactory.java:151)
	at com.mysql.jdbc.MysqlIO.<init>(MysqlIO.java:280)
	at com.mysql.jdbc.Connection.createNewIO(Connection.java:1895)
	at com.mysql.jdbc.Connection.<init>(Connection.java:437)
	at com.mysql.jdbc.NonRegisteringDriver.connect(NonRegisteringDriver.java:268)
	at java.sql/java.sql.DriverManager.getConnection(DriverManager.java:677)
	at java.sql/java.sql.DriverManager.getConnection(DriverManager.java:189)
	at org.springframework.jdbc.datasource.DriverManagerDataSource.getConnectionFromDriverManager(DriverManagerDataSource.java:174)
	at org.springframework.jdbc.datasource.DriverManagerDataSource.getConnectionFromDriver(DriverManagerDataSource.java:165)
	at org.springframework.jdbc.datasource.AbstractDriverBasedDataSource.getConnectionFromDriver(AbstractDriverBasedDataSource.java:149)
	at org.springframework.jdbc.datasource.AbstractDriverBasedDataSource.getConnection(AbstractDriverBasedDataSource.java:119)
	at org.springframework.jdbc.datasource.DataSourceUtils.doGetConnection(DataSourceUtils.java:113)
	at org.springframework.jdbc.datasource.DataSourceUtils.getConnection(DataSourceUtils.java:79)
	at org.springframework.jdbc.core.JdbcTemplate.execute(JdbcTemplate.java:577)
	at org.springframework.jdbc.core.JdbcTemplate.update(JdbcTemplate.java:824)
	at com.shephertz.app42.paas.sample.db.DBManager.insert(DBManager.java:111)
	at com.shephertz.app42.paas.sample.FormSave.doPost(FormSave.java:56)
	at javax.servlet.http.HttpServlet.service(HttpServlet.java:660)
	at javax.servlet.http.HttpServlet.service(HttpServlet.java:741)
	at org.apache.catalina.core.ApplicationFilterChain.internalDoFilter(ApplicationFilterChain.java:231)
	at org.apache.catalina.core.ApplicationFilterChain.doFilter(ApplicationFilterChain.java:166)
	at org.apache.tomcat.websocket.server.WsFilter.doFilter(WsFilter.java:53)
	at org.apache.catalina.core.ApplicationFilterChain.internalDoFilter(ApplicationFilterChain.java:193)
	at org.apache.catalina.core.ApplicationFilterChain.doFilter(ApplicationFilterChain.java:166)
	at org.apache.catalina.core.StandardWrapperValve.invoke(StandardWrapperValve.java:202)
	at org.apache.catalina.core.StandardContextValve.invoke(StandardContextValve.java:96)
	at org.apache.catalina.authenticator.AuthenticatorBase.invoke(AuthenticatorBase.java:541)
	at org.apache.catalina.core.StandardHostValve.invoke(StandardHostValve.java:139)
	at org.apache.catalina.valves.ErrorReportValve.invoke(ErrorReportValve.java:92)
	at org.apache.catalina.valves.AbstractAccessLogValve.invoke(AbstractAccessLogValve.java:688)
	at org.apache.catalina.core.StandardEngineValve.invoke(StandardEngineValve.java:74)
	at org.apache.catalina.connector.CoyoteAdapter.service(CoyoteAdapter.java:343)
	at org.apache.coyote.http11.Http11Processor.service(Http11Processor.java:367)
	at org.apache.coyote.AbstractProcessorLight.process(AbstractProcessorLight.java:65)
	at org.apache.coyote.AbstractProtocol$ConnectionHandler.process(AbstractProtocol.java:868)
	at org.apache.tomcat.util.net.NioEndpoint$SocketProcessor.doRun(NioEndpoint.java:1639)
	at org.apache.tomcat.util.net.SocketProcessorBase.run(SocketProcessorBase.java:49)
	at java.base/java.util.concurrent.ThreadPoolExecutor.runWorker(ThreadPoolExecutor.java:1128)
	at java.base/java.util.concurrent.ThreadPoolExecutor$Worker.run(ThreadPoolExecutor.java:628)
	at org.apache.tomcat.util.threads.TaskThread$WrappingRunnable.run(TaskThread.java:61)
	at java.base/java.lang.Thread.run(Thread.java:834)


** END NESTED EXCEPTION **


Attempted reconnect 3 times. Giving up.
	at org.springframework.jdbc.datasource.DataSourceUtils.getConnection(DataSourceUtils.java:82)
	at org.springframework.jdbc.core.JdbcTemplate.execute(JdbcTemplate.java:577)
	at org.springframework.jdbc.core.JdbcTemplate.update(JdbcTemplate.java:824)
	at com.shephertz.app42.paas.sample.db.DBManager.insert(DBManager.java:111)
	at com.shephertz.app42.paas.sample.FormSave.doPost(FormSave.java:56)
	at javax.servlet.http.HttpServlet.service(HttpServlet.java:660)
	at javax.servlet.http.HttpServlet.service(HttpServlet.java:741)
	at org.apache.catalina.core.ApplicationFilterChain.internalDoFilter(ApplicationFilterChain.java:231)
	at org.apache.catalina.core.ApplicationFilterChain.doFilter(ApplicationFilterChain.java:166)
	at org.apache.tomcat.websocket.server.WsFilter.doFilter(WsFilter.java:53)
	at org.apache.catalina.core.ApplicationFilterChain.internalDoFilter(ApplicationFilterChain.java:193)
	at org.apache.catalina.core.ApplicationFilterChain.doFilter(ApplicationFilterChain.java:166)
	at org.apache.catalina.core.StandardWrapperValve.invoke(StandardWrapperValve.java:202)
	at org.apache.catalina.core.StandardContextValve.invoke(StandardContextValve.java:96)
	at org.apache.catalina.authenticator.AuthenticatorBase.invoke(AuthenticatorBase.java:541)
	at org.apache.catalina.core.StandardHostValve.invoke(StandardHostValve.java:139)
	at org.apache.catalina.valves.ErrorReportValve.invoke(ErrorReportValve.java:92)
	at org.apache.catalina.valves.AbstractAccessLogValve.invoke(AbstractAccessLogValve.java:688)
	at org.apache.catalina.core.StandardEngineValve.invoke(StandardEngineValve.java:74)
	at org.apache.catalina.connector.CoyoteAdapter.service(CoyoteAdapter.java:343)
	at org.apache.coyote.http11.Http11Processor.service(Http11Processor.java:367)
	at org.apache.coyote.AbstractProcessorLight.process(AbstractProcessorLight.java:65)
	at org.apache.coyote.AbstractProtocol$ConnectionHandler.process(AbstractProtocol.java:868)
	at org.apache.tomcat.util.net.NioEndpoint$SocketProcessor.doRun(NioEndpoint.java:1639)
	at org.apache.tomcat.util.net.SocketProcessorBase.run(SocketProcessorBase.java:49)
	at java.base/java.util.concurrent.ThreadPoolExecutor.runWorker(ThreadPoolExecutor.java:1128)
	at java.base/java.util.concurrent.ThreadPoolExecutor$Worker.run(ThreadPoolExecutor.java:628)
	at org.apache.tomcat.util.threads.TaskThread$WrappingRunnable.run(TaskThread.java:61)
	at java.base/java.lang.Thread.run(Thread.java:834)
Caused by: java.sql.SQLException: Server connection failure during transaction. Due to underlying exception: 'java.net.SocketException: java.net.ConnectException: Connection refused (Connection refused)'.

** BEGIN NESTED EXCEPTION ** 

java.net.SocketException
MESSAGE: java.net.ConnectException: Connection refused (Connection refused)

STACKTRACE:

java.net.SocketException: java.net.ConnectException: Connection refused (Connection refused)
	at com.mysql.jdbc.StandardSocketFactory.connect(StandardSocketFactory.java:151)
	at com.mysql.jdbc.MysqlIO.<init>(MysqlIO.java:280)
	at com.mysql.jdbc.Connection.createNewIO(Connection.java:1895)
	at com.mysql.jdbc.Connection.<init>(Connection.java:437)
	at com.mysql.jdbc.NonRegisteringDriver.connect(NonRegisteringDriver.java:268)
	at java.sql/java.sql.DriverManager.getConnection(DriverManager.java:677)
	at java.sql/java.sql.DriverManager.getConnection(DriverManager.java:189)
	at org.springframework.jdbc.datasource.DriverManagerDataSource.getConnectionFromDriverManager(DriverManagerDataSource.java:174)
	at org.springframework.jdbc.datasource.DriverManagerDataSource.getConnectionFromDriver(DriverManagerDataSource.java:165)
	at org.springframework.jdbc.datasource.AbstractDriverBasedDataSource.getConnectionFromDriver(AbstractDriverBasedDataSource.java:149)
	at org.springframework.jdbc.datasource.AbstractDriverBasedDataSource.getConnection(AbstractDriverBasedDataSource.java:119)
	at org.springframework.jdbc.datasource.DataSourceUtils.doGetConnection(DataSourceUtils.java:113)
	at org.springframework.jdbc.datasource.DataSourceUtils.getConnection(DataSourceUtils.java:79)
	at org.springframework.jdbc.core.JdbcTemplate.execute(JdbcTemplate.java:577)
	at org.springframework.jdbc.core.JdbcTemplate.update(JdbcTemplate.java:824)
	at com.shephertz.app42.paas.sample.db.DBManager.insert(DBManager.java:111)
	at com.shephertz.app42.paas.sample.FormSave.doPost(FormSave.java:56)
	at javax.servlet.http.HttpServlet.service(HttpServlet.java:660)
	at javax.servlet.http.HttpServlet.service(HttpServlet.java:741)
	at org.apache.catalina.core.ApplicationFilterChain.internalDoFilter(ApplicationFilterChain.java:231)
	at org.apache.catalina.core.ApplicationFilterChain.doFilter(ApplicationFilterChain.java:166)
	at org.apache.tomcat.websocket.server.WsFilter.doFilter(WsFilter.java:53)
	at org.apache.catalina.core.ApplicationFilterChain.internalDoFilter(ApplicationFilterChain.java:193)
	at org.apache.catalina.core.ApplicationFilterChain.doFilter(ApplicationFilterChain.java:166)
	at org.apache.catalina.core.StandardWrapperValve.invoke(StandardWrapperValve.java:202)
	at org.apache.catalina.core.StandardContextValve.invoke(StandardContextValve.java:96)
	at org.apache.catalina.authenticator.AuthenticatorBase.invoke(AuthenticatorBase.java:541)
	at org.apache.catalina.core.StandardHostValve.invoke(StandardHostValve.java:139)
	at org.apache.catalina.valves.ErrorReportValve.invoke(ErrorReportValve.java:92)
	at org.apache.catalina.valves.AbstractAccessLogValve.invoke(AbstractAccessLogValve.java:688)
	at org.apache.catalina.core.StandardEngineValve.invoke(StandardEngineValve.java:74)
	at org.apache.catalina.connector.CoyoteAdapter.service(CoyoteAdapter.java:343)
	at org.apache.coyote.http11.Http11Processor.service(Http11Processor.java:367)
	at org.apache.coyote.AbstractProcessorLight.process(AbstractProcessorLight.java:65)
	at org.apache.coyote.AbstractProtocol$ConnectionHandler.process(AbstractProtocol.java:868)
	at org.apache.tomcat.util.net.NioEndpoint$SocketProcessor.doRun(NioEndpoint.java:1639)
	at org.apache.tomcat.util.net.SocketProcessorBase.run(SocketProcessorBase.java:49)
	at java.base/java.util.concurrent.ThreadPoolExecutor.runWorker(ThreadPoolExecutor.java:1128)
	at java.base/java.util.concurrent.ThreadPoolExecutor$Worker.run(ThreadPoolExecutor.java:628)
	at org.apache.tomcat.util.threads.TaskThread$WrappingRunnable.run(TaskThread.java:61)
	at java.base/java.lang.Thread.run(Thread.java:834)


** END NESTED EXCEPTION **


Attempted reconnect 3 times. Giving up.
	at com.mysql.jdbc.Connection.createNewIO(Connection.java:1963)
	at com.mysql.jdbc.Connection.<init>(Connection.java:437)
	at com.mysql.jdbc.NonRegisteringDriver.connect(NonRegisteringDriver.java:268)
	at java.sql/java.sql.DriverManager.getConnection(DriverManager.java:677)
	at java.sql/java.sql.DriverManager.getConnection(DriverManager.java:189)
	at org.springframework.jdbc.datasource.DriverManagerDataSource.getConnectionFromDriverManager(DriverManagerDataSource.java:174)
	at org.springframework.jdbc.datasource.DriverManagerDataSource.getConnectionFromDriver(DriverManagerDataSource.java:165)
	at org.springframework.jdbc.datasource.AbstractDriverBasedDataSource.getConnectionFromDriver(AbstractDriverBasedDataSource.java:149)
	at org.springframework.jdbc.datasource.AbstractDriverBasedDataSource.getConnection(AbstractDriverBasedDataSource.java:119)
	at org.springframework.jdbc.datasource.DataSourceUtils.doGetConnection(DataSourceUtils.java:113)
	at org.springframework.jdbc.datasource.DataSourceUtils.getConnection(DataSourceUtils.java:79)
	... 28 more
org.springframework.jdbc.CannotGetJdbcConnectionException: Could not get JDBC Connection; nested exception is java.sql.SQLException: Server connection failure during transaction. Due to underlying exception: 'java.net.SocketException: java.net.ConnectException: Connection refused (Connection refused)'.

** BEGIN NESTED EXCEPTION ** 

java.net.SocketException
MESSAGE: java.net.ConnectException: Connection refused (Connection refused)

STACKTRACE:

java.net.SocketException: java.net.ConnectException: Connection refused (Connection refused)
	at com.mysql.jdbc.StandardSocketFactory.connect(StandardSocketFactory.java:151)
	at com.mysql.jdbc.MysqlIO.<init>(MysqlIO.java:280)
	at com.mysql.jdbc.Connection.createNewIO(Connection.java:1895)
	at com.mysql.jdbc.Connection.<init>(Connection.java:437)
	at com.mysql.jdbc.NonRegisteringDriver.connect(NonRegisteringDriver.java:268)
	at java.sql/java.sql.DriverManager.getConnection(DriverManager.java:677)
	at java.sql/java.sql.DriverManager.getConnection(DriverManager.java:189)
	at org.springframework.jdbc.datasource.DriverManagerDataSource.getConnectionFromDriverManager(DriverManagerDataSource.java:174)
	at org.springframework.jdbc.datasource.DriverManagerDataSource.getConnectionFromDriver(DriverManagerDataSource.java:165)
	at org.springframework.jdbc.datasource.AbstractDriverBasedDataSource.getConnectionFromDriver(AbstractDriverBasedDataSource.java:149)
	at org.springframework.jdbc.datasource.AbstractDriverBasedDataSource.getConnection(AbstractDriverBasedDataSource.java:119)
	at org.springframework.jdbc.datasource.DataSourceUtils.doGetConnection(DataSourceUtils.java:113)
	at org.springframework.jdbc.datasource.DataSourceUtils.getConnection(DataSourceUtils.java:79)
	at org.springframework.jdbc.core.JdbcTemplate.execute(JdbcTemplate.java:577)
	at org.springframework.jdbc.core.JdbcTemplate.update(JdbcTemplate.java:824)
	at com.shephertz.app42.paas.sample.db.DBManager.insert(DBManager.java:111)
	at com.shephertz.app42.paas.sample.FormSave.doPost(FormSave.java:56)
	at javax.servlet.http.HttpServlet.service(HttpServlet.java:660)
	at javax.servlet.http.HttpServlet.service(HttpServlet.java:741)
	at org.apache.catalina.core.ApplicationFilterChain.internalDoFilter(ApplicationFilterChain.java:231)
	at org.apache.catalina.core.ApplicationFilterChain.doFilter(ApplicationFilterChain.java:166)
	at org.apache.tomcat.websocket.server.WsFilter.doFilter(WsFilter.java:53)
	at org.apache.catalina.core.ApplicationFilterChain.internalDoFilter(ApplicationFilterChain.java:193)
	at org.apache.catalina.core.ApplicationFilterChain.doFilter(ApplicationFilterChain.java:166)
	at org.apache.catalina.core.StandardWrapperValve.invoke(StandardWrapperValve.java:202)
	at org.apache.catalina.core.StandardContextValve.invoke(StandardContextValve.java:96)
	at org.apache.catalina.authenticator.AuthenticatorBase.invoke(AuthenticatorBase.java:541)
	at org.apache.catalina.core.StandardHostValve.invoke(StandardHostValve.java:139)
	at org.apache.catalina.valves.ErrorReportValve.invoke(ErrorReportValve.java:92)
	at org.apache.catalina.valves.AbstractAccessLogValve.invoke(AbstractAccessLogValve.java:688)
	at org.apache.catalina.core.StandardEngineValve.invoke(StandardEngineValve.java:74)
	at org.apache.catalina.connector.CoyoteAdapter.service(CoyoteAdapter.java:343)
	at org.apache.coyote.http11.Http11Processor.service(Http11Processor.java:367)
	at org.apache.coyote.AbstractProcessorLight.process(AbstractProcessorLight.java:65)
	at org.apache.coyote.AbstractProtocol$ConnectionHandler.process(AbstractProtocol.java:868)
	at org.apache.tomcat.util.net.NioEndpoint$SocketProcessor.doRun(NioEndpoint.java:1639)
	at org.apache.tomcat.util.net.SocketProcessorBase.run(SocketProcessorBase.java:49)
	at java.base/java.util.concurrent.ThreadPoolExecutor.runWorker(ThreadPoolExecutor.java:1128)
	at java.base/java.util.concurrent.ThreadPoolExecutor$Worker.run(ThreadPoolExecutor.java:628)
	at org.apache.tomcat.util.threads.TaskThread$WrappingRunnable.run(TaskThread.java:61)
	at java.base/java.lang.Thread.run(Thread.java:834)


** END NESTED EXCEPTION **


Attempted reconnect 3 times. Giving up.
	at org.springframework.jdbc.datasource.DataSourceUtils.getConnection(DataSourceUtils.java:82)
	at org.springframework.jdbc.core.JdbcTemplate.execute(JdbcTemplate.java:577)
	at org.springframework.jdbc.core.JdbcTemplate.update(JdbcTemplate.java:824)
	at com.shephertz.app42.paas.sample.db.DBManager.insert(DBManager.java:111)
	at com.shephertz.app42.paas.sample.FormSave.doPost(FormSave.java:56)
	at javax.servlet.http.HttpServlet.service(HttpServlet.java:660)
	at javax.servlet.http.HttpServlet.service(HttpServlet.java:741)
	at org.apache.catalina.core.ApplicationFilterChain.internalDoFilter(ApplicationFilterChain.java:231)
	at org.apache.catalina.core.ApplicationFilterChain.doFilter(ApplicationFilterChain.java:166)
	at org.apache.tomcat.websocket.server.WsFilter.doFilter(WsFilter.java:53)
	at org.apache.catalina.core.ApplicationFilterChain.internalDoFilter(ApplicationFilterChain.java:193)
	at org.apache.catalina.core.ApplicationFilterChain.doFilter(ApplicationFilterChain.java:166)
	at org.apache.catalina.core.StandardWrapperValve.invoke(StandardWrapperValve.java:202)
	at org.apache.catalina.core.StandardContextValve.invoke(StandardContextValve.java:96)
	at org.apache.catalina.authenticator.AuthenticatorBase.invoke(AuthenticatorBase.java:541)
	at org.apache.catalina.core.StandardHostValve.invoke(StandardHostValve.java:139)
	at org.apache.catalina.valves.ErrorReportValve.invoke(ErrorReportValve.java:92)
	at org.apache.catalina.valves.AbstractAccessLogValve.invoke(AbstractAccessLogValve.java:688)
	at org.apache.catalina.core.StandardEngineValve.invoke(StandardEngineValve.java:74)
	at org.apache.catalina.connector.CoyoteAdapter.service(CoyoteAdapter.java:343)
	at org.apache.coyote.http11.Http11Processor.service(Http11Processor.java:367)
	at org.apache.coyote.AbstractProcessorLight.process(AbstractProcessorLight.java:65)
	at org.apache.coyote.AbstractProtocol$ConnectionHandler.process(AbstractProtocol.java:868)
	at org.apache.tomcat.util.net.NioEndpoint$SocketProcessor.doRun(NioEndpoint.java:1639)
	at org.apache.tomcat.util.net.SocketProcessorBase.run(SocketProcessorBase.java:49)
	at java.base/java.util.concurrent.ThreadPoolExecutor.runWorker(ThreadPoolExecutor.java:1128)
	at java.base/java.util.concurrent.ThreadPoolExecutor$Worker.run(ThreadPoolExecutor.java:628)
	at org.apache.tomcat.util.threads.TaskThread$WrappingRunnable.run(TaskThread.java:61)
	at java.base/java.lang.Thread.run(Thread.java:834)
Caused by: java.sql.SQLException: Server connection failure during transaction. Due to underlying exception: 'java.net.SocketException: java.net.ConnectException: Connection refused (Connection refused)'.

** BEGIN NESTED EXCEPTION ** 

java.net.SocketException
MESSAGE: java.net.ConnectException: Connection refused (Connection refused)

STACKTRACE:

java.net.SocketException: java.net.ConnectException: Connection refused (Connection refused)
	at com.mysql.jdbc.StandardSocketFactory.connect(StandardSocketFactory.java:151)
	at com.mysql.jdbc.MysqlIO.<init>(MysqlIO.java:280)
	at com.mysql.jdbc.Connection.createNewIO(Connection.java:1895)
	at com.mysql.jdbc.Connection.<init>(Connection.java:437)
	at com.mysql.jdbc.NonRegisteringDriver.connect(NonRegisteringDriver.java:268)
	at java.sql/java.sql.DriverManager.getConnection(DriverManager.java:677)
	at java.sql/java.sql.DriverManager.getConnection(DriverManager.java:189)
	at org.springframework.jdbc.datasource.DriverManagerDataSource.getConnectionFromDriverManager(DriverManagerDataSource.java:174)
	at org.springframework.jdbc.datasource.DriverManagerDataSource.getConnectionFromDriver(DriverManagerDataSource.java:165)
	at org.springframework.jdbc.datasource.AbstractDriverBasedDataSource.getConnectionFromDriver(AbstractDriverBasedDataSource.java:149)
	at org.springframework.jdbc.datasource.AbstractDriverBasedDataSource.getConnection(AbstractDriverBasedDataSource.java:119)
	at org.springframework.jdbc.datasource.DataSourceUtils.doGetConnection(DataSourceUtils.java:113)
	at org.springframework.jdbc.datasource.DataSourceUtils.getConnection(DataSourceUtils.java:79)
	at org.springframework.jdbc.core.JdbcTemplate.execute(JdbcTemplate.java:577)
	at org.springframework.jdbc.core.JdbcTemplate.update(JdbcTemplate.java:824)
	at com.shephertz.app42.paas.sample.db.DBManager.insert(DBManager.java:111)
	at com.shephertz.app42.paas.sample.FormSave.doPost(FormSave.java:56)
	at javax.servlet.http.HttpServlet.service(HttpServlet.java:660)
	at javax.servlet.http.HttpServlet.service(HttpServlet.java:741)
	at org.apache.catalina.core.ApplicationFilterChain.internalDoFilter(ApplicationFilterChain.java:231)
	at org.apache.catalina.core.ApplicationFilterChain.doFilter(ApplicationFilterChain.java:166)
	at org.apache.tomcat.websocket.server.WsFilter.doFilter(WsFilter.java:53)
	at org.apache.catalina.core.ApplicationFilterChain.internalDoFilter(ApplicationFilterChain.java:193)
	at org.apache.catalina.core.ApplicationFilterChain.doFilter(ApplicationFilterChain.java:166)
	at org.apache.catalina.core.StandardWrapperValve.invoke(StandardWrapperValve.java:202)
	at org.apache.catalina.core.StandardContextValve.invoke(StandardContextValve.java:96)
	at org.apache.catalina.authenticator.AuthenticatorBase.invoke(AuthenticatorBase.java:541)
	at org.apache.catalina.core.StandardHostValve.invoke(StandardHostValve.java:139)
	at org.apache.catalina.valves.ErrorReportValve.invoke(ErrorReportValve.java:92)
	at org.apache.catalina.valves.AbstractAccessLogValve.invoke(AbstractAccessLogValve.java:688)
	at org.apache.catalina.core.StandardEngineValve.invoke(StandardEngineValve.java:74)
	at org.apache.catalina.connector.CoyoteAdapter.service(CoyoteAdapter.java:343)
	at org.apache.coyote.http11.Http11Processor.service(Http11Processor.java:367)
	at org.apache.coyote.AbstractProcessorLight.process(AbstractProcessorLight.java:65)
	at org.apache.coyote.AbstractProtocol$ConnectionHandler.process(AbstractProtocol.java:868)
	at org.apache.tomcat.util.net.NioEndpoint$SocketProcessor.doRun(NioEndpoint.java:1639)
	at org.apache.tomcat.util.net.SocketProcessorBase.run(SocketProcessorBase.java:49)
	at java.base/java.util.concurrent.ThreadPoolExecutor.runWorker(ThreadPoolExecutor.java:1128)
	at java.base/java.util.concurrent.ThreadPoolExecutor$Worker.run(ThreadPoolExecutor.java:628)
	at org.apache.tomcat.util.threads.TaskThread$WrappingRunnable.run(TaskThread.java:61)
	at java.base/java.lang.Thread.run(Thread.java:834)


** END NESTED EXCEPTION **


Attempted reconnect 3 times. Giving up.
	at com.mysql.jdbc.Connection.createNewIO(Connection.java:1963)
	at com.mysql.jdbc.Connection.<init>(Connection.java:437)
	at com.mysql.jdbc.NonRegisteringDriver.connect(NonRegisteringDriver.java:268)
	at java.sql/java.sql.DriverManager.getConnection(DriverManager.java:677)
	at java.sql/java.sql.DriverManager.getConnection(DriverManager.java:189)
	at org.springframework.jdbc.datasource.DriverManagerDataSource.getConnectionFromDriverManager(DriverManagerDataSource.java:174)
	at org.springframework.jdbc.datasource.DriverManagerDataSource.getConnectionFromDriver(DriverManagerDataSource.java:165)
	at org.springframework.jdbc.datasource.AbstractDriverBasedDataSource.getConnectionFromDriver(AbstractDriverBasedDataSource.java:149)
	at org.springframework.jdbc.datasource.AbstractDriverBasedDataSource.getConnection(AbstractDriverBasedDataSource.java:119)
	at org.springframework.jdbc.datasource.DataSourceUtils.doGetConnection(DataSourceUtils.java:113)
	at org.springframework.jdbc.datasource.DataSourceUtils.getConnection(DataSourceUtils.java:79)
	... 28 more
22-Feb-2020 08:19:10.135 INFO [main] org.apache.catalina.core.StandardServer.await A valid shutdown command was received via the shutdown port. Stopping the Server instance.
22-Feb-2020 08:19:10.136 INFO [main] org.apache.coyote.AbstractProtocol.pause Pausing ProtocolHandler ["http-nio-8080"]
22-Feb-2020 08:19:10.145 INFO [main] org.apache.catalina.core.StandardService.stopInternal Stopping service [Catalina]
22-Feb-2020 08:19:10.176 WARNING [main] org.apache.catalina.loader.WebappClassLoaderBase.clearReferencesJdbc The web application [App-Info-release] registered the JDBC driver [com.mysql.jdbc.Driver] but failed to unregister it when the web application was stopped. To prevent a memory leak, the JDBC Driver has been forcibly unregistered.
22-Feb-2020 08:19:10.190 INFO [main] org.apache.coyote.AbstractProtocol.stop Stopping ProtocolHandler ["http-nio-8080"]
22-Feb-2020 08:19:10.192 INFO [main] org.apache.coyote.AbstractProtocol.destroy Destroying ProtocolHandler ["http-nio-8080"]
